<?xml version="1.0" encoding="UTF-8"?>
<!-- Generated by org.testng.reporters.JUnitReportReporter -->
<testsuite hostname="Vijayakumar" failures="0" tests="2" name="gitTestPac.GitTest2Class" time="6.104" errors="0" timestamp="2024-09-03T19:17:07 GMT+01:00" skipped="0">
  <testcase classname="gitTestPac.GitTest2Class" name="test2" time="2.338"/>
  <system-out/>
  <testcase classname="gitTestPac.GitTest2Class" name="test1" time="3.766"/>
  <system-out/>
</testsuite> <!-- gitTestPac.GitTest2Class -->
